<?xml version="1.0" encoding="UTF-8"?>
<!-- Generated by org.testng.reporters.JUnitReportReporter -->
<testsuite hostname="Viveks-Air.attlocal.net" failures="0" tests="4" name="AutomationPractice_TestRunner.AutomationPractice_TestRunner" time="52.447" errors="0" timestamp="2022-03-08T16:24:12 GMT-05:00" skipped="0">
  <testcase classname="AutomationPractice_TestRunner.AutomationPractice_TestRunner" name="runScenario" time="7.295"/>
  <system-out/>
  <testcase classname="AutomationPractice_TestRunner.AutomationPractice_TestRunner" name="runScenario" time="31.424"/>
  <system-out/>
  <testcase classname="AutomationPractice_TestRunner.AutomationPractice_TestRunner" name="runScenario" time="6.606"/>
  <system-out/>
  <testcase classname="AutomationPractice_TestRunner.AutomationPractice_TestRunner" name="runScenario" time="7.122"/>
  <system-out/>
</testsuite> <!-- AutomationPractice_TestRunner.AutomationPractice_TestRunner -->
